<?xml version="1.0" encoding="UTF-8"?>
<testsuite xmlns:xsi="http://www.w3.org/2001/XMLSchema-instance" xsi:noNamespaceSchemaLocation="https://maven.apache.org/surefire/maven-surefire-plugin/xsd/surefire-test-report.xsd" name="com.epam.rd.autotasks.catalogaccess.MvcTests" time="3.144" tests="3" errors="0" skipped="0" failures="3">
  <properties>
[...]
</properties>
  <testcase name="testSalaries" classname="com.epam.rd.autotasks.catalogaccess.MvcTests" time="0.406">
    <failure message="Status expected:&lt;200&gt; but was:&lt;403&gt;" type="java.lang.AssertionError"><![CDATA[java.lang.AssertionError: Status expected:<200> but was:<403>
	at com.epam.rd.autotasks.catalogaccess.MvcTests.testSalaries(MvcTests.java:49)
]]></failure>
    <system-out><![CDATA[19:14:45.136 [main] DEBUG org.springframework.test.context.BootstrapUtils - Instantiating CacheAwareContextLoaderDelegate from class [org.springframework.test.context.cache.DefaultCacheAwareContextLoaderDelegate]
19:14:45.149 [main] DEBUG org.springframework.test.context.BootstrapUtils - Instantiating BootstrapContext using constructor [public org.springframework.test.context.support.DefaultBootstrapContext(java.lang.Class,org.springframework.test.context.CacheAwareContextLoaderDelegate)]
19:14:45.187 [main] DEBUG org.springframework.test.context.BootstrapUtils - Instantiating TestContextBootstrapper for test class [com.epam.rd.autotasks.catalogaccess.MvcTests] from class [org.springframework.boot.test.context.SpringBootTestContextBootstrapper]
19:14:45.209 [main] INFO org.springframework.boot.test.context.SpringBootTestContextBootstrapper - Neither @ContextConfiguration nor @ContextHierarchy found for test class [com.epam.rd.autotasks.catalogaccess.MvcTests], using SpringBootContextLoader
19:14:45.212 [main] DEBUG org.springframework.test.context.support.AbstractContextLoader - Did not detect default resource location for test class [com.epam.rd.autotasks.catalogaccess.MvcTests]: class path resource [com/epam/rd/autotasks/catalogaccess/MvcTests-context.xml] does not exist
19:14:45.213 [main] DEBUG org.springframework.test.context.support.AbstractContextLoader - Did not detect default resource location for test class [com.epam.rd.autotasks.catalogaccess.MvcTests]: class path resource [com/epam/rd/autotasks/catalogaccess/MvcTestsContext.groovy] does not exist
19:14:45.213 [main] INFO org.springframework.test.context.support.AbstractContextLoader - Could not detect default resource locations for test class [com.epam.rd.autotasks.catalogaccess.MvcTests]: no resource found for suffixes {-context.xml, Context.groovy}.
19:14:45.260 [main] DEBUG org.springframework.test.context.support.ActiveProfilesUtils - Could not find an 'annotation declaring class' for annotation type [org.springframework.test.context.ActiveProfiles] and class [com.epam.rd.autotasks.catalogaccess.MvcTests]
19:14:45.374 [main] DEBUG org.springframework.boot.test.context.SpringBootTestContextBootstrapper - @TestExecutionListeners is not present for class [com.epam.rd.autotasks.catalogaccess.MvcTests]: using defaults.
19:14:45.374 [main] INFO org.springframework.boot.test.context.SpringBootTestContextBootstrapper - Loaded default TestExecutionListener class names from location [META-INF/spring.factories]: [org.springframework.security.test.context.support.WithSecurityContextTestExecutionListener, org.springframework.security.test.context.support.ReactorContextTestExecutionListener, org.springframework.test.context.web.ServletTestExecutionListener, org.springframework.test.context.support.DirtiesContextBeforeModesTestExecutionListener, org.springframework.test.context.support.DependencyInjectionTestExecutionListener, org.springframework.test.context.support.DirtiesContextTestExecutionListener, org.springframework.test.context.transaction.TransactionalTestExecutionListener, org.springframework.test.context.jdbc.SqlScriptsTestExecutionListener, org.springframework.test.context.event.EventPublishingTestExecutionListener, org.springframework.boot.test.mock.mockito.MockitoTestExecutionListener, org.springframework.boot.test.mock.mockito.ResetMocksTestExecutionListener, org.springframework.boot.test.autoconfigure.restdocs.RestDocsTestExecutionListener, org.springframework.boot.test.autoconfigure.web.client.MockRestServiceServerResetTestExecutionListener, org.springframework.boot.test.autoconfigure.web.servlet.MockMvcPrintOnlyOnFailureTestExecutionListener, org.springframework.boot.test.autoconfigure.web.servlet.WebDriverTestExecutionListener, org.springframework.boot.test.autoconfigure.webservices.client.MockWebServiceServerTestExecutionListener]
19:14:45.386 [main] DEBUG org.springframework.boot.test.context.SpringBootTestContextBootstrapper - Skipping candidate TestExecutionListener [org.springframework.test.context.transaction.TransactionalTestExecutionListener] due to a missing dependency. Specify custom listener classes or make the default listener classes and their required dependencies available. Offending class: [org/springframework/transaction/interceptor/TransactionAttributeSource]
19:14:45.386 [main] DEBUG org.springframework.boot.test.context.SpringBootTestContextBootstrapper - Skipping candidate TestExecutionListener [org.springframework.test.context.jdbc.SqlScriptsTestExecutionListener] due to a missing dependency. Specify custom listener classes or make the default listener classes and their required dependencies available. Offending class: [org/springframework/transaction/interceptor/TransactionAttribute]
19:14:45.388 [main] INFO org.springframework.boot.test.context.SpringBootTestContextBootstrapper - Using TestExecutionListeners: [org.springframework.test.context.web.ServletTestExecutionListener@7fc4780b, org.springframework.test.context.support.DirtiesContextBeforeModesTestExecutionListener@3b79fd76, org.springframework.boot.test.mock.mockito.MockitoTestExecutionListener@48c76607, org.springframework.boot.test.autoconfigure.SpringBootDependencyInjectionTestExecutionListener@43599640, org.springframework.test.context.support.DirtiesContextTestExecutionListener@1f81aa00, org.springframework.security.test.context.support.WithSecurityContextTestExecutionListener@6b6776cb, org.springframework.test.context.event.EventPublishingTestExecutionListener@1863d2fe, org.springframework.security.test.context.support.ReactorContextTestExecutionListener@1787bc24, org.springframework.boot.test.mock.mockito.ResetMocksTestExecutionListener@544d57e, org.springframework.boot.test.autoconfigure.restdocs.RestDocsTestExecutionListener@55c53a33, org.springframework.boot.test.autoconfigure.web.client.MockRestServiceServerResetTestExecutionListener@53b7f657, org.springframework.boot.test.autoconfigure.web.servlet.MockMvcPrintOnlyOnFailureTestExecutionListener@797b0699, org.springframework.boot.test.autoconfigure.web.servlet.WebDriverTestExecutionListener@5a37d3ed, org.springframework.boot.test.autoconfigure.webservices.client.MockWebServiceServerTestExecutionListener@26df6e3a]
19:14:45.391 [main] DEBUG org.springframework.test.context.support.AbstractDirtiesContextTestExecutionListener - Before test class: context [DefaultTestContext@6e01f9b0 testClass = MvcTests, testInstance = [null], testMethod = [null], testException = [null], mergedContextConfiguration = [WebMergedContextConfiguration@2b9ed6da testClass = MvcTests, locations = '{}', classes = '{class com.epam.rd.autotasks.catalogaccess.MvcApplication, class com.epam.rd.autotasks.catalogaccess.WebSecurityConfig, class com.epam.rd.autotasks.catalogaccess.MvcApplication, class com.epam.rd.autotasks.catalogaccess.WebSecurityConfig}', contextInitializerClasses = '[]', activeProfiles = '{}', propertySourceLocations = '{}', propertySourceProperties = '{org.springframework.boot.test.context.SpringBootTestContextBootstrapper=true}', contextCustomizers = set[[ImportsContextCustomizer@6c61a903 key = [org.springframework.boot.test.autoconfigure.web.servlet.MockMvcAutoConfiguration, org.springframework.boot.test.autoconfigure.web.servlet.MockMvcWebClientAutoConfiguration, org.springframework.boot.test.autoconfigure.web.servlet.MockMvcWebDriverAutoConfiguration, org.springframework.boot.autoconfigure.security.oauth2.client.servlet.OAuth2ClientAutoConfiguration, org.springframework.boot.autoconfigure.security.oauth2.resource.servlet.OAuth2ResourceServerAutoConfiguration, org.springframework.boot.autoconfigure.security.servlet.SecurityAutoConfiguration, org.springframework.boot.autoconfigure.security.servlet.SecurityFilterAutoConfiguration, org.springframework.boot.autoconfigure.security.servlet.UserDetailsServiceAutoConfiguration, org.springframework.boot.test.autoconfigure.web.servlet.MockMvcSecurityConfiguration]], org.springframework.boot.test.context.filter.ExcludeFilterContextCustomizer@57af006c, org.springframework.boot.test.json.DuplicateJsonObjectContextCustomizerFactory$DuplicateJsonObjectContextCustomizer@d29f28, org.springframework.boot.test.mock.mockito.MockitoContextCustomizer@0, org.springframework.boot.test.web.client.TestRestTemplateContextCustomizer@759d26fb, org.springframework.boot.test.autoconfigure.properties.PropertyMappingContextCustomizer@4b3fa0b3, org.springframework.boot.test.autoconfigure.web.servlet.WebDriverContextCustomizerFactory$Customizer@383bfa16, org.springframework.boot.test.context.SpringBootTestArgs@1], resourceBasePath = 'src/main/webapp', contextLoader = 'org.springframework.boot.test.context.SpringBootContextLoader', parent = [null]], attributes = map['org.springframework.test.context.web.ServletTestExecutionListener.activateListener' -> true]], class annotated with @DirtiesContext [false] with mode [null].
19:14:45.423 [main] DEBUG org.springframework.test.context.support.TestPropertySourceUtils - Adding inlined properties to environment: {spring.jmx.enabled=false, org.springframework.boot.test.context.SpringBootTestContextBootstrapper=true}

  .   ____          _            __ _ _
 /\\ / ___'_ __ _ _(_)_ __  __ _ \ \ \ \
( ( )\___ | '_ | '_| | '_ \/ _` | \ \ \ \
 \\/  ___)| |_)| | | | | || (_| |  ) ) ) )
  '  |____| .__|_| |_|_| |_\__, | / / / /
 =========|_|==============|___/=/_/_/_/
 :: Spring Boot ::        (v2.3.3.RELEASE)

2024-03-26 19:14:45.689  INFO 2376 --- [           main] c.e.rd.autotasks.catalogaccess.MvcTests  : Starting MvcTests on DESKTOP-H6176K0 with PID 2376 (started by MVA in C:\Users\MVA\git\spring-catalog-access)
2024-03-26 19:14:45.691  INFO 2376 --- [           main] c.e.rd.autotasks.catalogaccess.MvcTests  : No active profile set, falling back to default profiles: default
2024-03-26 19:14:46.833  INFO 2376 --- [           main] .s.s.UserDetailsServiceAutoConfiguration : 

Using generated security password: 4fc169ec-8dea-4436-ae59-73c2f7239841

2024-03-26 19:14:46.990  INFO 2376 --- [           main] o.s.s.web.DefaultSecurityFilterChain     : Creating filter chain: any request, [org.springframework.security.web.context.request.async.WebAsyncManagerIntegrationFilter@14b789f6, org.springframework.security.web.context.SecurityContextPersistenceFilter@70c53dbe, org.springframework.security.web.header.HeaderWriterFilter@31a3f4de, org.springframework.security.web.authentication.logout.LogoutFilter@7b6e5c12, org.springframework.security.web.authentication.www.BasicAuthenticationFilter@5b3a7ef5, org.springframework.security.web.savedrequest.RequestCacheAwareFilter@7342e05d, org.springframework.security.web.servletapi.SecurityContextHolderAwareRequestFilter@304d0259, org.springframework.security.web.authentication.AnonymousAuthenticationFilter@6eb17ec8, org.springframework.security.web.session.SessionManagementFilter@720bf653, org.springframework.security.web.access.ExceptionTranslationFilter@2ba5aa7a, org.springframework.security.web.access.intercept.FilterSecurityInterceptor@64984b0f]
2024-03-26 19:14:47.373  INFO 2376 --- [           main] o.s.s.concurrent.ThreadPoolTaskExecutor  : Initializing ExecutorService 'applicationTaskExecutor'
2024-03-26 19:14:47.726  INFO 2376 --- [           main] o.s.b.t.m.w.SpringBootMockServletContext : Initializing Spring TestDispatcherServlet ''
2024-03-26 19:14:47.727  INFO 2376 --- [           main] o.s.t.web.servlet.TestDispatcherServlet  : Initializing Servlet ''
2024-03-26 19:14:47.742  INFO 2376 --- [           main] o.s.t.web.servlet.TestDispatcherServlet  : Completed initialization in 15 ms
2024-03-26 19:14:47.764  INFO 2376 --- [           main] c.e.rd.autotasks.catalogaccess.MvcTests  : Started MvcTests in 2.332 seconds (JVM running for 3.236)

MockHttpServletRequest:
      HTTP Method = GET
      Request URI = /salaries
       Parameters = {}
          Headers = []
             Body = null
    Session Attrs = {SPRING_SECURITY_CONTEXT=org.springframework.security.core.context.SecurityContextImpl@7c159e1a: Authentication: org.springframework.security.authentication.UsernamePasswordAuthenticationToken@7c159e1a: Principal: org.springframework.security.core.userdetails.User@5be3f81: Username: eddie; Password: [PROTECTED]; Enabled: true; AccountNonExpired: true; credentialsNonExpired: true; AccountNonLocked: true; Granted Authorities: ROLE_MANAGER; Credentials: [PROTECTED]; Authenticated: true; Details: null; Granted Authorities: ROLE_MANAGER}

Handler:
             Type = null

Async:
    Async started = false
     Async result = null

Resolved Exception:
             Type = null

ModelAndView:
        View name = null
             View = null
            Model = null

FlashMap:
       Attributes = null

MockHttpServletResponse:
           Status = 403
    Error message = Forbidden
          Headers = [X-Content-Type-Options:"nosniff", X-XSS-Protection:"1; mode=block", Cache-Control:"no-cache, no-store, max-age=0, must-revalidate", Pragma:"no-cache", Expires:"0", X-Frame-Options:"DENY"]
     Content type = null
             Body = 
    Forwarded URL = null
   Redirected URL = null
          Cookies = []
]]></system-out>
  </testcase>
  <testcase name="testEmployees" classname="com.epam.rd.autotasks.catalogaccess.MvcTests" time="0.008">
    <failure message="Status expected:&lt;200&gt; but was:&lt;403&gt;" type="java.lang.AssertionError"><![CDATA[java.lang.AssertionError: Status expected:<200> but was:<403>
	at com.epam.rd.autotasks.catalogaccess.MvcTests.testEmployees(MvcTests.java:78)
]]></failure>
    <system-out><![CDATA[
MockHttpServletRequest:
      HTTP Method = GET
      Request URI = /employees
       Parameters = {}
          Headers = []
             Body = null
    Session Attrs = {SPRING_SECURITY_CONTEXT=org.springframework.security.core.context.SecurityContextImpl@7c159e1a: Authentication: org.springframework.security.authentication.UsernamePasswordAuthenticationToken@7c159e1a: Principal: org.springframework.security.core.userdetails.User@5be3f81: Username: eddie; Password: [PROTECTED]; Enabled: true; AccountNonExpired: true; credentialsNonExpired: true; AccountNonLocked: true; Granted Authorities: ROLE_MANAGER; Credentials: [PROTECTED]; Authenticated: true; Details: null; Granted Authorities: ROLE_MANAGER}

Handler:
             Type = null

Async:
    Async started = false
     Async result = null

Resolved Exception:
             Type = null

ModelAndView:
        View name = null
             View = null
            Model = null

FlashMap:
       Attributes = null

MockHttpServletResponse:
           Status = 403
    Error message = Forbidden
          Headers = [X-Content-Type-Options:"nosniff", X-XSS-Protection:"1; mode=block", Cache-Control:"no-cache, no-store, max-age=0, must-revalidate", Pragma:"no-cache", Expires:"0", X-Frame-Options:"DENY"]
     Content type = null
             Body = 
    Forwarded URL = null
   Redirected URL = null
          Cookies = []
]]></system-out>
  </testcase>
  <testcase name="testCatalog" classname="com.epam.rd.autotasks.catalogaccess.MvcTests" time="0.01">
    <failure message="Status expected:&lt;200&gt; but was:&lt;403&gt;" type="java.lang.AssertionError"><![CDATA[java.lang.AssertionError: Status expected:<200> but was:<403>
	at com.epam.rd.autotasks.catalogaccess.MvcTests.testCatalog(MvcTests.java:130)
]]></failure>
    <system-out><![CDATA[
MockHttpServletRequest:
      HTTP Method = GET
      Request URI = /catalog
       Parameters = {}
          Headers = []
             Body = null
    Session Attrs = {SPRING_SECURITY_CONTEXT=org.springframework.security.core.context.SecurityContextImpl@7c159e1a: Authentication: org.springframework.security.authentication.UsernamePasswordAuthenticationToken@7c159e1a: Principal: org.springframework.security.core.userdetails.User@5be3f81: Username: eddie; Password: [PROTECTED]; Enabled: true; AccountNonExpired: true; credentialsNonExpired: true; AccountNonLocked: true; Granted Authorities: ROLE_MANAGER; Credentials: [PROTECTED]; Authenticated: true; Details: null; Granted Authorities: ROLE_MANAGER}

Handler:
             Type = null

Async:
    Async started = false
     Async result = null

Resolved Exception:
             Type = null

ModelAndView:
        View name = null
             View = null
            Model = null

FlashMap:
       Attributes = null

MockHttpServletResponse:
           Status = 403
    Error message = Forbidden
          Headers = [X-Content-Type-Options:"nosniff", X-XSS-Protection:"1; mode=block", Cache-Control:"no-cache, no-store, max-age=0, must-revalidate", Pragma:"no-cache", Expires:"0", X-Frame-Options:"DENY"]
     Content type = null
             Body = 
    Forwarded URL = null
   Redirected URL = null
          Cookies = []
]]></system-out>
  </testcase>
</testsuite>