-------------------------------------------------------------------------------
Test set: com.epam.rd.autotasks.chesspuzzles.ChessPuzzlesTest
-------------------------------------------------------------------------------
Tests run: 6, Failures: 0, Errors: 6, Skipped: 0, Time elapsed: 0.153 s <<< FAILURE! - in com.epam.rd.autotasks.chesspuzzles.ChessPuzzlesTest
testJavaConfigLayouts{String}[1]  Time elapsed: 0.083 s  <<< ERROR!
java.lang.ClassNotFoundException: com.epam.rd.autotasks.chesspuzzles.config.Default
	at com.epam.rd.autotasks.chesspuzzles.ChessPuzzlesTest.testJavaConfigLayouts(ChessPuzzlesTest.java:20)

testJavaConfigLayouts{String}[2]  Time elapsed: 0.003 s  <<< ERROR!
java.lang.ClassNotFoundException: com.epam.rd.autotasks.chesspuzzles.config.DefaultBlack
	at com.epam.rd.autotasks.chesspuzzles.ChessPuzzlesTest.testJavaConfigLayouts(ChessPuzzlesTest.java:20)

testJavaConfigLayouts{String}[3]  Time elapsed: 0.003 s  <<< ERROR!
java.lang.ClassNotFoundException: com.epam.rd.autotasks.chesspuzzles.config.DefaultWhite
	at com.epam.rd.autotasks.chesspuzzles.ChessPuzzlesTest.testJavaConfigLayouts(ChessPuzzlesTest.java:20)

testJavaConfigLayouts{String}[4]  Time elapsed: 0.002 s  <<< ERROR!
java.lang.ClassNotFoundException: com.epam.rd.autotasks.chesspuzzles.config.Puzzle01
	at com.epam.rd.autotasks.chesspuzzles.ChessPuzzlesTest.testJavaConfigLayouts(ChessPuzzlesTest.java:20)

testJavaConfigLayouts{String}[5]  Time elapsed: 0.002 s  <<< ERROR!
java.lang.ClassNotFoundException: com.epam.rd.autotasks.chesspuzzles.config.Puzzle02
	at com.epam.rd.autotasks.chesspuzzles.ChessPuzzlesTest.testJavaConfigLayouts(ChessPuzzlesTest.java:20)

testJavaConfigLayouts{String}[6]  Time elapsed: 0.002 s  <<< ERROR!
java.lang.ClassNotFoundException: com.epam.rd.autotasks.chesspuzzles.config.Puzzle03
	at com.epam.rd.autotasks.chesspuzzles.ChessPuzzlesTest.testJavaConfigLayouts(ChessPuzzlesTest.java:20)

