<?xml version="1.0" encoding="UTF-8"?>
<testsuite xmlns:xsi="http://www.w3.org/2001/XMLSchema-instance" xsi:noNamespaceSchemaLocation="https://maven.apache.org/surefire/maven-surefire-plugin/xsd/surefire-test-report.xsd" name="com.epam.rd.autotasks.chesspuzzles.ChessPuzzlesTest" time="0.153" tests="6" errors="6" skipped="0" failures="0">
  <properties>
[...]
</properties>
  <testcase name="testJavaConfigLayouts{String}[1]" classname="com.epam.rd.autotasks.chesspuzzles.ChessPuzzlesTest" time="0.083">
    <error message="com.epam.rd.autotasks.chesspuzzles.config.Default" type="java.lang.ClassNotFoundException">java.lang.ClassNotFoundException: com.epam.rd.autotasks.chesspuzzles.config.Default
	at com.epam.rd.autotasks.chesspuzzles.ChessPuzzlesTest.testJavaConfigLayouts(ChessPuzzlesTest.java:20)
</error>
  </testcase>
  <testcase name="testJavaConfigLayouts{String}[2]" classname="com.epam.rd.autotasks.chesspuzzles.ChessPuzzlesTest" time="0.003">
    <error message="com.epam.rd.autotasks.chesspuzzles.config.DefaultBlack" type="java.lang.ClassNotFoundException">java.lang.ClassNotFoundException: com.epam.rd.autotasks.chesspuzzles.config.DefaultBlack
	at com.epam.rd.autotasks.chesspuzzles.ChessPuzzlesTest.testJavaConfigLayouts(ChessPuzzlesTest.java:20)
</error>
  </testcase>
  <testcase name="testJavaConfigLayouts{String}[3]" classname="com.epam.rd.autotasks.chesspuzzles.ChessPuzzlesTest" time="0.003">
    <error message="com.epam.rd.autotasks.chesspuzzles.config.DefaultWhite" type="java.lang.ClassNotFoundException">java.lang.ClassNotFoundException: com.epam.rd.autotasks.chesspuzzles.config.DefaultWhite
	at com.epam.rd.autotasks.chesspuzzles.ChessPuzzlesTest.testJavaConfigLayouts(ChessPuzzlesTest.java:20)
</error>
  </testcase>
  <testcase name="testJavaConfigLayouts{String}[4]" classname="com.epam.rd.autotasks.chesspuzzles.ChessPuzzlesTest" time="0.002">
    <error message="com.epam.rd.autotasks.chesspuzzles.config.Puzzle01" type="java.lang.ClassNotFoundException">java.lang.ClassNotFoundException: com.epam.rd.autotasks.chesspuzzles.config.Puzzle01
	at com.epam.rd.autotasks.chesspuzzles.ChessPuzzlesTest.testJavaConfigLayouts(ChessPuzzlesTest.java:20)
</error>
  </testcase>
  <testcase name="testJavaConfigLayouts{String}[5]" classname="com.epam.rd.autotasks.chesspuzzles.ChessPuzzlesTest" time="0.002">
    <error message="com.epam.rd.autotasks.chesspuzzles.config.Puzzle02" type="java.lang.ClassNotFoundException">java.lang.ClassNotFoundException: com.epam.rd.autotasks.chesspuzzles.config.Puzzle02
	at com.epam.rd.autotasks.chesspuzzles.ChessPuzzlesTest.testJavaConfigLayouts(ChessPuzzlesTest.java:20)
</error>
  </testcase>
  <testcase name="testJavaConfigLayouts{String}[6]" classname="com.epam.rd.autotasks.chesspuzzles.ChessPuzzlesTest" time="0.002">
    <error message="com.epam.rd.autotasks.chesspuzzles.config.Puzzle03" type="java.lang.ClassNotFoundException">java.lang.ClassNotFoundException: com.epam.rd.autotasks.chesspuzzles.config.Puzzle03
	at com.epam.rd.autotasks.chesspuzzles.ChessPuzzlesTest.testJavaConfigLayouts(ChessPuzzlesTest.java:20)
</error>
  </testcase>
</testsuite>