<?xml version="1.0" encoding="UTF-8"?>
<testsuite xmlns:xsi="http://www.w3.org/2001/XMLSchema-instance" xsi:noNamespaceSchemaLocation="https://maven.apache.org/surefire/maven-surefire-plugin/xsd/surefire-test-report.xsd" name="com.epam.rd.jsp.currencies.CurrenciesBeanTests" time="0.235" tests="3" errors="0" skipped="0" failures="0">
  <properties>
[...]
</properties>
  <testcase name="testLarge" classname="com.epam.rd.jsp.currencies.CurrenciesBeanTests" time="0.212"/>
  <testcase name="testSmall" classname="com.epam.rd.jsp.currencies.CurrenciesBeanTests" time="0.004"/>
  <testcase name="testMedium" classname="com.epam.rd.jsp.currencies.CurrenciesBeanTests" time="0.006"/>
</testsuite>