<?xml version="1.0" encoding="UTF-8"?>
<testsuite xmlns:xsi="http://www.w3.org/2001/XMLSchema-instance" xsi:noNamespaceSchemaLocation="https://maven.apache.org/surefire/maven-surefire-plugin/xsd/surefire-test-report.xsd" name="com.epam.rd.autotasks.springemployeecatalog.MvcTests" time="6.875" tests="6" errors="1" skipped="0" failures="0">
  <properties>
[...]
</properties>
  <testcase name="testAllPages" classname="com.epam.rd.autotasks.springemployeecatalog.MvcTests" time="0.618"/>
  <testcase name="testByManager" classname="com.epam.rd.autotasks.springemployeecatalog.MvcTests" time="0.503"/>
  <testcase name="testAll" classname="com.epam.rd.autotasks.springemployeecatalog.MvcTests" time="0.052">
    <error message="Failed on case: mvc\all\all.json" type="com.epam.rd.autotasks.springemployeecatalog.MvcTestsError">com.epam.rd.autotasks.springemployeecatalog.MvcTestsError: Failed on case: mvc\all\all.json
	at com.epam.rd.autotasks.springemployeecatalog.MvcTests.testAll(MvcTests.java:34)
Caused by: java.lang.AssertionError: []: Expected 14 values but got 10
	at com.epam.rd.autotasks.springemployeecatalog.MvcTests.lambda$testAll$0(MvcTests.java:39)
	at com.epam.rd.autotasks.springemployeecatalog.MvcTests.testAll(MvcTests.java:34)
</error>
    <system-out><![CDATA[Hibernate: select employeeen0_.id as id1_1_, employeeen0_.department as departme8_1_, employeeen0_.firstname as firstnam2_1_, employeeen0_.lastname as lastname3_1_, employeeen0_.middlename as middlena4_1_, employeeen0_.hiredate as hiredate5_1_, employeeen0_.manager as manager9_1_, employeeen0_.position as position6_1_, employeeen0_.salary as salary7_1_ from employee employeeen0_ order by employeeen0_.lastname asc limit ?
Hibernate: select department0_.id as id1_0_0_, department0_.location as location2_0_0_, department0_.name as name3_0_0_ from department department0_ where department0_.id=?
Hibernate: select employeeen0_.id as id1_1_0_, employeeen0_.department as departme8_1_0_, employeeen0_.firstname as firstnam2_1_0_, employeeen0_.lastname as lastname3_1_0_, employeeen0_.middlename as middlena4_1_0_, employeeen0_.hiredate as hiredate5_1_0_, employeeen0_.manager as manager9_1_0_, employeeen0_.position as position6_1_0_, employeeen0_.salary as salary7_1_0_, department1_.id as id1_0_1_, department1_.location as location2_0_1_, department1_.name as name3_0_1_, employeeen2_.id as id1_1_2_, employeeen2_.department as departme8_1_2_, employeeen2_.firstname as firstnam2_1_2_, employeeen2_.lastname as lastname3_1_2_, employeeen2_.middlename as middlena4_1_2_, employeeen2_.hiredate as hiredate5_1_2_, employeeen2_.manager as manager9_1_2_, employeeen2_.position as position6_1_2_, employeeen2_.salary as salary7_1_2_ from employee employeeen0_ left outer join department department1_ on employeeen0_.department=department1_.id left outer join employee employeeen2_ on employeeen0_.manager=employeeen2_.id where employeeen0_.id=?
Hibernate: select department0_.id as id1_0_0_, department0_.location as location2_0_0_, department0_.name as name3_0_0_ from department department0_ where department0_.id=?
Hibernate: select department0_.id as id1_0_0_, department0_.location as location2_0_0_, department0_.name as name3_0_0_ from department department0_ where department0_.id=?
Hibernate: select count(employeeen0_.id) as col_0_0_ from employee employeeen0_

MockHttpServletRequest:
      HTTP Method = GET
      Request URI = /employees
       Parameters = {}
          Headers = []
             Body = null
    Session Attrs = {}

Handler:
             Type = com.epam.rd.autotasks.springemployeecatalog.controllers.EmployeeRestController
           Method = com.epam.rd.autotasks.springemployeecatalog.controllers.EmployeeRestController#getAllEmployees(int, int, String)

Async:
    Async started = false
     Async result = null

Resolved Exception:
             Type = null

ModelAndView:
        View name = null
             View = null
            Model = null

FlashMap:
       Attributes = null

MockHttpServletResponse:
           Status = 200
    Error message = null
          Headers = [Content-Type:"application/json"]
     Content type = application/json
             Body = [{"id":7876,"fullName":{"firstName":"JOHN","lastName":"ADAMS","middleName":"MARIA"},"position":"CLERK","hired":"2087-07-13","salary":1100.00000,"manager":{"id":7788,"fullName":{"firstName":"JOHN","lastName":"SCOTT","middleName":"MARIA"},"position":"ANALYST","hired":"2087-07-13","salary":3000.00000,"manager":null,"department":{"id":20,"name":"RESEARCH","location":"DALLAS"}},"department":{"id":20,"name":"RESEARCH","location":"DALLAS"}},{"id":7499,"fullName":{"firstName":"JOHN","lastName":"ALLEN","middleName":"MARIA"},"position":"SALESMAN","hired":"1981-02-20","salary":1600.00000,"manager":{"id":7698,"fullName":{"firstName":"JOHN","lastName":"BLAKE","middleName":"MARIA"},"position":"MANAGER","hired":"1981-05-01","salary":2850.00000,"manager":null,"department":{"id":30,"name":"SALES","location":"CHICAGO"}},"department":{"id":30,"name":"SALES","location":"CHICAGO"}},{"id":7698,"fullName":{"firstName":"JOHN","lastName":"BLAKE","middleName":"MARIA"},"position":"MANAGER","hired":"1981-05-01","salary":2850.00000,"manager":{"id":7839,"fullName":{"firstName":"JOHN","lastName":"KING","middleName":"MARIA"},"position":"PRESIDENT","hired":"1981-11-17","salary":5000.00000,"manager":null,"department":null},"department":{"id":30,"name":"SALES","location":"CHICAGO"}},{"id":7782,"fullName":{"firstName":"JOHN","lastName":"CLARK","middleName":"MARIA"},"position":"MANAGER","hired":"1981-06-09","salary":2450.00000,"manager":{"id":7839,"fullName":{"firstName":"JOHN","lastName":"KING","middleName":"MARIA"},"position":"PRESIDENT","hired":"1981-11-17","salary":5000.00000,"manager":null,"department":null},"department":{"id":10,"name":"ACCOUNTING","location":"NEW YORK"}},{"id":7902,"fullName":{"firstName":"JOHN","lastName":"FORD","middleName":"MARIA"},"position":"ANALYST","hired":"1981-12-03","salary":3050.00000,"manager":{"id":7566,"fullName":{"firstName":"JOHN","lastName":"JONES","middleName":"MARIA"},"position":"MANAGER","hired":"1981-04-02","salary":2975.00000,"manager":null,"department":{"id":20,"name":"RESEARCH","location":"DALLAS"}},"department":{"id":20,"name":"RESEARCH","location":"DALLAS"}},{"id":7900,"fullName":{"firstName":"JOHN","lastName":"JAMES","middleName":"MARIA"},"position":"CLERK","hired":"1981-12-03","salary":950.00000,"manager":{"id":7698,"fullName":{"firstName":"JOHN","lastName":"BLAKE","middleName":"MARIA"},"position":"MANAGER","hired":"1981-05-01","salary":2850.00000,"manager":null,"department":{"id":30,"name":"SALES","location":"CHICAGO"}},"department":{"id":30,"name":"SALES","location":"CHICAGO"}},{"id":7566,"fullName":{"firstName":"JOHN","lastName":"JONES","middleName":"MARIA"},"position":"MANAGER","hired":"1981-04-02","salary":2975.00000,"manager":{"id":7839,"fullName":{"firstName":"JOHN","lastName":"KING","middleName":"MARIA"},"position":"PRESIDENT","hired":"1981-11-17","salary":5000.00000,"manager":null,"department":null},"department":{"id":20,"name":"RESEARCH","location":"DALLAS"}},{"id":7839,"fullName":{"firstName":"JOHN","lastName":"KING","middleName":"MARIA"},"position":"PRESIDENT","hired":"1981-11-17","salary":5000.00000,"manager":null,"department":null},{"id":7654,"fullName":{"firstName":"JOHN","lastName":"MARTIN","middleName":"MARIA"},"position":"SALESMAN","hired":"1981-09-28","salary":1300.00000,"manager":{"id":7698,"fullName":{"firstName":"JOHN","lastName":"BLAKE","middleName":"MARIA"},"position":"MANAGER","hired":"1981-05-01","salary":2850.00000,"manager":null,"department":{"id":30,"name":"SALES","location":"CHICAGO"}},"department":{"id":30,"name":"SALES","location":"CHICAGO"}},{"id":7934,"fullName":{"firstName":"JOHN","lastName":"MILLER","middleName":"MARIA"},"position":"CLERK","hired":"1982-01-23","salary":1200.00000,"manager":{"id":7782,"fullName":{"firstName":"JOHN","lastName":"CLARK","middleName":"MARIA"},"position":"MANAGER","hired":"1981-06-09","salary":2450.00000,"manager":null,"department":{"id":10,"name":"ACCOUNTING","location":"NEW YORK"}},"department":{"id":10,"name":"ACCOUNTING","location":"NEW YORK"}}]
    Forwarded URL = null
   Redirected URL = null
          Cookies = []
]]></system-out>
  </testcase>
  <testcase name="testById" classname="com.epam.rd.autotasks.springemployeecatalog.MvcTests" time="0.251"/>
  <testcase name="testByDepName" classname="com.epam.rd.autotasks.springemployeecatalog.MvcTests" time="0.196"/>
  <testcase name="testByDepId" classname="com.epam.rd.autotasks.springemployeecatalog.MvcTests" time="0.19"/>
</testsuite>